<?xml version="1.0" encoding="UTF-8"?>
<!-- Generated by org.testng.reporters.JUnitXMLReporter -->
<testsuite ignored="3" hostname="Z422" failures="0" tests="7" name="Default test" time="12.65" errors="0" timestamp="2023-01-22T23:03:06 IST">
  <testcase classname="com.webrestapi.testcase.TC008_GETsoldTest" name="getAllEmployees" time="10.764"/>
  <testcase classname="com.webrestapi.testcase.TC008_GETsoldTest" name="checkResponseBody" time="0.091"/>
  <testcase classname="com.webrestapi.testcase.TC008_GETsoldTest" name="checkStatusCode" time="0.006"/>
  <testcase classname="com.webrestapi.testcase.TC008_GETsoldTest" name="checkResponseTime" time="0.011"/>
  <testcase classname="com.webrestapi.testcase.TC008_GETsoldTest" name="checkStatusLine" time="0.014"/>
  <testcase classname="com.webrestapi.testcase.TC008_GETsoldTest" name="checkContentType" time="0.012"/>
  <testcase classname="com.webrestapi.testcase.TC008_GETsoldTest" name="checkServer" time="0.005"/>
  <testcase classname="com.webrestapi.testcase.TC008_GETsoldTest" name="checkCookie" time="0.0">
    <ignored/>
  </testcase> <!-- checkCookie -->
  <testcase classname="com.webrestapi.testcase.TC008_GETsoldTest" name="checkContentLength" time="0.0">
    <ignored/>
  </testcase> <!-- checkContentLength -->
  <testcase classname="com.webrestapi.testcase.TC008_GETsoldTest" name="checkContentEncoding" time="0.0">
    <ignored/>
  </testcase> <!-- checkContentEncoding -->
</testsuite> <!-- Default test -->
