<?xml version="1.0" encoding="UTF-8"?>
<!-- Generated by org.testng.reporters.JUnitXMLReporter -->
<testsuite ignored="20" hostname="Z422" failures="2" tests="51" name="Test" time="73.406" errors="0" timestamp="2023-01-22T23:18:54 IST">
  <testcase classname="com.webrestapi.testcase.TC001_POSTnewdetailsTest" name="postEmpDetailRequest" time="22.837"/>
  <testcase classname="com.webrestapi.testcase.TC001_POSTnewdetailsTest" name="checkStatusCode" time="0.006"/>
  <testcase classname="com.webrestapi.testcase.TC001_POSTnewdetailsTest" name="checkResponseTime" time="0.116">
    <failure type="java.lang.AssertionError" message="expected [true] but found [false]">
      <![CDATA[java.lang.AssertionError: expected [true] but found [false]
at com.webrestapi.testcase.TC001_POSTnewdetailsTest.checkResponseTime(TC001_POSTnewdetailsTest.java:111)
at java.base/java.util.ArrayList.forEach(ArrayList.java:1511)
... Removed 29 stack frames]]>
    </failure>
  </testcase> <!-- checkResponseTime -->
  <testcase classname="com.webrestapi.testcase.TC001_POSTnewdetailsTest" name="checkStatusLine" time="0.007"/>
  <testcase classname="com.webrestapi.testcase.TC001_POSTnewdetailsTest" name="checkContentType" time="0.008"/>
  <testcase classname="com.webrestapi.testcase.TC001_POSTnewdetailsTest" name="checkServer" time="0.016"/>
  <testcase classname="com.webrestapi.testcase.TC002_GETdetailsTest" name="getAllEmployees" time="6.652"/>
  <testcase classname="com.webrestapi.testcase.TC002_GETdetailsTest" name="checkStatusCode" time="0.006"/>
  <testcase classname="com.webrestapi.testcase.TC002_GETdetailsTest" name="checkResponseTime" time="0.015"/>
  <testcase classname="com.webrestapi.testcase.TC002_GETdetailsTest" name="checkStatusLine" time="0.008"/>
  <testcase classname="com.webrestapi.testcase.TC002_GETdetailsTest" name="checkContentType" time="0.004"/>
  <testcase classname="com.webrestapi.testcase.TC002_GETdetailsTest" name="checkServer" time="0.006"/>
  <testcase classname="com.webrestapi.testcase.TC003_PUTdetailsTest" name="putEmployeeRecords" time="6.717"/>
  <testcase classname="com.webrestapi.testcase.TC003_PUTdetailsTest" name="checkStatusCode" time="0.018"/>
  <testcase classname="com.webrestapi.testcase.TC003_PUTdetailsTest" name="checkResponseTime" time="0.018"/>
  <testcase classname="com.webrestapi.testcase.TC003_PUTdetailsTest" name="checkStatusLine" time="0.012"/>
  <testcase classname="com.webrestapi.testcase.TC003_PUTdetailsTest" name="checkContentType" time="0.025"/>
  <testcase classname="com.webrestapi.testcase.TC003_PUTdetailsTest" name="checkServer" time="0.017"/>
  <testcase classname="com.webrestapi.testcase.TC004_DELETEdetailsTest" name="deleteEmployeRecord" time="6.73"/>
  <testcase classname="com.webrestapi.testcase.TC004_DELETEdetailsTest" name="checkStatusCode" time="0.01"/>
  <testcase classname="com.webrestapi.testcase.TC004_DELETEdetailsTest" name="checkResponseTime" time="0.009"/>
  <testcase classname="com.webrestapi.testcase.TC004_DELETEdetailsTest" name="checkStatusLine" time="0.021"/>
  <testcase classname="com.webrestapi.testcase.TC004_DELETEdetailsTest" name="checkContentType" time="0.015"/>
  <testcase classname="com.webrestapi.testcase.TC004_DELETEdetailsTest" name="checkServer" time="0.007"/>
  <testcase classname="com.webrestapi.testcase.TC005_GETauthdetailsTest" name="getAllEmployees" time="6.731"/>
  <testcase classname="com.webrestapi.testcase.TC005_GETauthdetailsTest" name="checkStatusCode" time="0.008"/>
  <testcase classname="com.webrestapi.testcase.TC005_GETauthdetailsTest" name="checkResponseTime" time="0.013"/>
  <testcase classname="com.webrestapi.testcase.TC005_GETauthdetailsTest" name="checkStatusLine" time="0.005"/>
  <testcase classname="com.webrestapi.testcase.TC005_GETauthdetailsTest" name="checkContentType" time="0.029"/>
  <testcase classname="com.webrestapi.testcase.TC005_GETauthdetailsTest" name="checkServer" time="0.011"/>
  <testcase classname="com.webrestapi.testcase.TC006_GETpendTest" name="getAllEmployees" time="6.793"/>
  <testcase classname="com.webrestapi.testcase.TC006_GETpendTest" name="checkResponseBody" time="0.01"/>
  <testcase classname="com.webrestapi.testcase.TC006_GETpendTest" name="checkStatusCode" time="0.005"/>
  <testcase classname="com.webrestapi.testcase.TC006_GETpendTest" name="checkResponseTime" time="0.014"/>
  <testcase classname="com.webrestapi.testcase.TC006_GETpendTest" name="checkStatusLine" time="0.014"/>
  <testcase classname="com.webrestapi.testcase.TC006_GETpendTest" name="checkContentType" time="0.004"/>
  <testcase classname="com.webrestapi.testcase.TC006_GETpendTest" name="checkServer" time="0.004"/>
  <testcase classname="com.webrestapi.testcase.TC007_GETavailTest" name="getAllEmployees" time="6.764"/>
  <testcase classname="com.webrestapi.testcase.TC007_GETavailTest" name="checkResponseBody" time="0.055"/>
  <testcase classname="com.webrestapi.testcase.TC007_GETavailTest" name="checkStatusCode" time="0.003"/>
  <testcase classname="com.webrestapi.testcase.TC007_GETavailTest" name="checkResponseTime" time="0.009"/>
  <testcase classname="com.webrestapi.testcase.TC007_GETavailTest" name="checkStatusLine" time="0.003"/>
  <testcase classname="com.webrestapi.testcase.TC007_GETavailTest" name="checkContentType" time="0.005"/>
  <testcase classname="com.webrestapi.testcase.TC007_GETavailTest" name="checkServer" time="0.004"/>
  <testcase classname="com.webrestapi.testcase.TC008_GETsoldTest" name="getAllEmployees" time="6.568"/>
  <testcase classname="com.webrestapi.testcase.TC008_GETsoldTest" name="checkResponseBody" time="0.007">
    <failure type="java.lang.AssertionError" message="expected [true] but found [false]">
      <![CDATA[java.lang.AssertionError: expected [true] but found [false]
at com.webrestapi.testcase.TC008_GETsoldTest.checkResponseBody(TC008_GETsoldTest.java:36)
at java.base/java.util.ArrayList.forEach(ArrayList.java:1511)
... Removed 29 stack frames]]>
    </failure>
  </testcase> <!-- checkResponseBody -->
  <testcase classname="com.webrestapi.testcase.TC008_GETsoldTest" name="checkStatusCode" time="0.01"/>
  <testcase classname="com.webrestapi.testcase.TC008_GETsoldTest" name="checkResponseTime" time="0.005"/>
  <testcase classname="com.webrestapi.testcase.TC008_GETsoldTest" name="checkStatusLine" time="0.004"/>
  <testcase classname="com.webrestapi.testcase.TC008_GETsoldTest" name="checkContentType" time="0.003"/>
  <testcase classname="com.webrestapi.testcase.TC008_GETsoldTest" name="checkServer" time="0.005"/>
  <testcase classname="com.webrestapi.testcase.TC001_POSTnewdetailsTest" name="checkContentEncoding" time="0.0">
    <ignored/>
  </testcase> <!-- checkContentEncoding -->
  <testcase classname="com.webrestapi.testcase.TC007_GETavailTest" name="checkContentLength" time="0.0">
    <ignored/>
  </testcase> <!-- checkContentLength -->
  <testcase classname="com.webrestapi.testcase.TC002_GETdetailsTest" name="checkContentLength" time="0.0">
    <ignored/>
  </testcase> <!-- checkContentLength -->
  <testcase classname="com.webrestapi.testcase.TC008_GETsoldTest" name="checkContentEncoding" time="0.0">
    <ignored/>
  </testcase> <!-- checkContentEncoding -->
  <testcase classname="com.webrestapi.testcase.TC004_DELETEdetailsTest" name="checkContentLength" time="0.0">
    <ignored/>
  </testcase> <!-- checkContentLength -->
  <testcase classname="com.webrestapi.testcase.TC002_GETdetailsTest" name="checkCookie" time="0.0">
    <ignored/>
  </testcase> <!-- checkCookie -->
  <testcase classname="com.webrestapi.testcase.TC007_GETavailTest" name="checkContentEncoding" time="0.0">
    <ignored/>
  </testcase> <!-- checkContentEncoding -->
  <testcase classname="com.webrestapi.testcase.TC003_PUTdetailsTest" name="checkContentEncoding" time="0.0">
    <ignored/>
  </testcase> <!-- checkContentEncoding -->
  <testcase classname="com.webrestapi.testcase.TC003_PUTdetailsTest" name="checkContentLength" time="0.0">
    <ignored/>
  </testcase> <!-- checkContentLength -->
  <testcase classname="com.webrestapi.testcase.TC007_GETavailTest" name="checkCookie" time="0.0">
    <ignored/>
  </testcase> <!-- checkCookie -->
  <testcase classname="com.webrestapi.testcase.TC005_GETauthdetailsTest" name="checkContentEncoding" time="0.0">
    <ignored/>
  </testcase> <!-- checkContentEncoding -->
  <testcase classname="com.webrestapi.testcase.TC005_GETauthdetailsTest" name="checkCookie" time="0.0">
    <ignored/>
  </testcase> <!-- checkCookie -->
  <testcase classname="com.webrestapi.testcase.TC008_GETsoldTest" name="checkContentLength" time="0.0">
    <ignored/>
  </testcase> <!-- checkContentLength -->
  <testcase classname="com.webrestapi.testcase.TC006_GETpendTest" name="checkContentLength" time="0.0">
    <ignored/>
  </testcase> <!-- checkContentLength -->
  <testcase classname="com.webrestapi.testcase.TC005_GETauthdetailsTest" name="checkContentLength" time="0.0">
    <ignored/>
  </testcase> <!-- checkContentLength -->
  <testcase classname="com.webrestapi.testcase.TC002_GETdetailsTest" name="checkContentEncoding" time="0.0">
    <ignored/>
  </testcase> <!-- checkContentEncoding -->
  <testcase classname="com.webrestapi.testcase.TC004_DELETEdetailsTest" name="checkContentEncoding" time="0.0">
    <ignored/>
  </testcase> <!-- checkContentEncoding -->
  <testcase classname="com.webrestapi.testcase.TC006_GETpendTest" name="checkContentEncoding" time="0.0">
    <ignored/>
  </testcase> <!-- checkContentEncoding -->
  <testcase classname="com.webrestapi.testcase.TC006_GETpendTest" name="checkCookie" time="0.0">
    <ignored/>
  </testcase> <!-- checkCookie -->
  <testcase classname="com.webrestapi.testcase.TC008_GETsoldTest" name="checkCookie" time="0.0">
    <ignored/>
  </testcase> <!-- checkCookie -->
</testsuite> <!-- Test -->
