<?xml version="1.0" encoding="UTF-8"?>
<!-- Generated by org.testng.reporters.JUnitXMLReporter -->
<testsuite ignored="20" hostname="Z422" failures="1" tests="51" name="Datatest" time="64.852" errors="0" timestamp="2023-01-22T23:33:16 IST">
  <testcase classname="com.webrestapi.testcase.TC001_POSTnewdetailsTest" name="POSTDetailsTest" time="14.921"/>
  <testcase classname="com.webrestapi.testcase.TC001_POSTnewdetailsTest" name="checkStatusCode" time="0.006"/>
  <testcase classname="com.webrestapi.testcase.TC001_POSTnewdetailsTest" name="checkResponseTime" time="0.027"/>
  <testcase classname="com.webrestapi.testcase.TC001_POSTnewdetailsTest" name="checkStatusLine" time="0.006"/>
  <testcase classname="com.webrestapi.testcase.TC001_POSTnewdetailsTest" name="checkContentType" time="0.006"/>
  <testcase classname="com.webrestapi.testcase.TC001_POSTnewdetailsTest" name="checkServer" time="0.008"/>
  <testcase classname="com.webrestapi.testcase.TC002_GETdetailsTest" name="GETDetailsTest" time="6.79"/>
  <testcase classname="com.webrestapi.testcase.TC002_GETdetailsTest" name="checkStatusCode" time="0.008"/>
  <testcase classname="com.webrestapi.testcase.TC002_GETdetailsTest" name="checkResponseTime" time="0.009"/>
  <testcase classname="com.webrestapi.testcase.TC002_GETdetailsTest" name="checkStatusLine" time="0.011"/>
  <testcase classname="com.webrestapi.testcase.TC002_GETdetailsTest" name="checkContentType" time="0.008"/>
  <testcase classname="com.webrestapi.testcase.TC002_GETdetailsTest" name="checkServer" time="0.01"/>
  <testcase classname="com.webrestapi.testcase.TC003_PUTdetailsTest" name="PUTDetailsTest" time="6.738"/>
  <testcase classname="com.webrestapi.testcase.TC003_PUTdetailsTest" name="checkStatusCode" time="0.012"/>
  <testcase classname="com.webrestapi.testcase.TC003_PUTdetailsTest" name="checkResponseTime" time="0.01"/>
  <testcase classname="com.webrestapi.testcase.TC003_PUTdetailsTest" name="checkStatusLine" time="0.007"/>
  <testcase classname="com.webrestapi.testcase.TC003_PUTdetailsTest" name="checkContentType" time="0.008"/>
  <testcase classname="com.webrestapi.testcase.TC003_PUTdetailsTest" name="checkServer" time="0.008"/>
  <testcase classname="com.webrestapi.testcase.TC004_DELETEdetailsTest" name="DELETEDetailsTest" time="6.799"/>
  <testcase classname="com.webrestapi.testcase.TC004_DELETEdetailsTest" name="checkStatusCode" time="0.006"/>
  <testcase classname="com.webrestapi.testcase.TC004_DELETEdetailsTest" name="checkResponseTime" time="0.008"/>
  <testcase classname="com.webrestapi.testcase.TC004_DELETEdetailsTest" name="checkStatusLine" time="0.005"/>
  <testcase classname="com.webrestapi.testcase.TC004_DELETEdetailsTest" name="checkContentType" time="0.012"/>
  <testcase classname="com.webrestapi.testcase.TC004_DELETEdetailsTest" name="checkServer" time="0.01"/>
  <testcase classname="com.webrestapi.testcase.TC005_GETauthdetailsTest" name="GETAuthLoginTest" time="6.791"/>
  <testcase classname="com.webrestapi.testcase.TC005_GETauthdetailsTest" name="checkStatusCode" time="0.006"/>
  <testcase classname="com.webrestapi.testcase.TC005_GETauthdetailsTest" name="checkResponseTime" time="0.009"/>
  <testcase classname="com.webrestapi.testcase.TC005_GETauthdetailsTest" name="checkStatusLine" time="0.008"/>
  <testcase classname="com.webrestapi.testcase.TC005_GETauthdetailsTest" name="checkContentType" time="0.008"/>
  <testcase classname="com.webrestapi.testcase.TC005_GETauthdetailsTest" name="checkServer" time="0.017"/>
  <testcase classname="com.webrestapi.testcase.TC006_GETpendTest" name="GETPendingTest" time="6.612"/>
  <testcase classname="com.webrestapi.testcase.TC006_GETpendTest" name="checkResponseBody" time="0.004"/>
  <testcase classname="com.webrestapi.testcase.TC006_GETpendTest" name="checkStatusCode" time="0.008"/>
  <testcase classname="com.webrestapi.testcase.TC006_GETpendTest" name="checkResponseTime" time="0.005"/>
  <testcase classname="com.webrestapi.testcase.TC006_GETpendTest" name="checkStatusLine" time="0.013"/>
  <testcase classname="com.webrestapi.testcase.TC006_GETpendTest" name="checkContentType" time="0.004"/>
  <testcase classname="com.webrestapi.testcase.TC006_GETpendTest" name="checkServer" time="0.007"/>
  <testcase classname="com.webrestapi.testcase.TC007_GETavailTest" name="GETAvailableTest" time="6.997"/>
  <testcase classname="com.webrestapi.testcase.TC007_GETavailTest" name="checkResponseBody" time="0.081"/>
  <testcase classname="com.webrestapi.testcase.TC007_GETavailTest" name="checkStatusCode" time="0.006"/>
  <testcase classname="com.webrestapi.testcase.TC007_GETavailTest" name="checkResponseTime" time="0.004"/>
  <testcase classname="com.webrestapi.testcase.TC007_GETavailTest" name="checkStatusLine" time="0.004"/>
  <testcase classname="com.webrestapi.testcase.TC007_GETavailTest" name="checkContentType" time="0.004"/>
  <testcase classname="com.webrestapi.testcase.TC007_GETavailTest" name="checkServer" time="0.009"/>
  <testcase classname="com.webrestapi.testcase.TC008_GETsoldTest" name="GETSoldTest" time="6.748"/>
  <testcase classname="com.webrestapi.testcase.TC008_GETsoldTest" name="checkResponseBody" time="0.098">
    <failure type="java.lang.AssertionError" message="expected [true] but found [false]">
      <![CDATA[java.lang.AssertionError: expected [true] but found [false]
at com.webrestapi.testcase.TC008_GETsoldTest.checkResponseBody(TC008_GETsoldTest.java:36)
at java.base/java.util.ArrayList.forEach(ArrayList.java:1511)
... Removed 29 stack frames]]>
    </failure>
  </testcase> <!-- checkResponseBody -->
  <testcase classname="com.webrestapi.testcase.TC008_GETsoldTest" name="checkStatusCode" time="0.003"/>
  <testcase classname="com.webrestapi.testcase.TC008_GETsoldTest" name="checkResponseTime" time="0.005"/>
  <testcase classname="com.webrestapi.testcase.TC008_GETsoldTest" name="checkStatusLine" time="0.004"/>
  <testcase classname="com.webrestapi.testcase.TC008_GETsoldTest" name="checkContentType" time="0.005"/>
  <testcase classname="com.webrestapi.testcase.TC008_GETsoldTest" name="checkServer" time="0.004"/>
  <testcase classname="com.webrestapi.testcase.TC006_GETpendTest" name="checkCookie" time="0.0">
    <ignored/>
  </testcase> <!-- checkCookie -->
  <testcase classname="com.webrestapi.testcase.TC004_DELETEdetailsTest" name="checkContentEncoding" time="0.0">
    <ignored/>
  </testcase> <!-- checkContentEncoding -->
  <testcase classname="com.webrestapi.testcase.TC008_GETsoldTest" name="checkContentEncoding" time="0.0">
    <ignored/>
  </testcase> <!-- checkContentEncoding -->
  <testcase classname="com.webrestapi.testcase.TC007_GETavailTest" name="checkContentEncoding" time="0.0">
    <ignored/>
  </testcase> <!-- checkContentEncoding -->
  <testcase classname="com.webrestapi.testcase.TC004_DELETEdetailsTest" name="checkContentLength" time="0.0">
    <ignored/>
  </testcase> <!-- checkContentLength -->
  <testcase classname="com.webrestapi.testcase.TC006_GETpendTest" name="checkContentLength" time="0.0">
    <ignored/>
  </testcase> <!-- checkContentLength -->
  <testcase classname="com.webrestapi.testcase.TC001_POSTnewdetailsTest" name="checkContentEncoding" time="0.0">
    <ignored/>
  </testcase> <!-- checkContentEncoding -->
  <testcase classname="com.webrestapi.testcase.TC002_GETdetailsTest" name="checkCookie" time="0.0">
    <ignored/>
  </testcase> <!-- checkCookie -->
  <testcase classname="com.webrestapi.testcase.TC003_PUTdetailsTest" name="checkContentLength" time="0.0">
    <ignored/>
  </testcase> <!-- checkContentLength -->
  <testcase classname="com.webrestapi.testcase.TC008_GETsoldTest" name="checkContentLength" time="0.0">
    <ignored/>
  </testcase> <!-- checkContentLength -->
  <testcase classname="com.webrestapi.testcase.TC002_GETdetailsTest" name="checkContentLength" time="0.0">
    <ignored/>
  </testcase> <!-- checkContentLength -->
  <testcase classname="com.webrestapi.testcase.TC005_GETauthdetailsTest" name="checkContentEncoding" time="0.0">
    <ignored/>
  </testcase> <!-- checkContentEncoding -->
  <testcase classname="com.webrestapi.testcase.TC007_GETavailTest" name="checkCookie" time="0.0">
    <ignored/>
  </testcase> <!-- checkCookie -->
  <testcase classname="com.webrestapi.testcase.TC005_GETauthdetailsTest" name="checkCookie" time="0.0">
    <ignored/>
  </testcase> <!-- checkCookie -->
  <testcase classname="com.webrestapi.testcase.TC008_GETsoldTest" name="checkCookie" time="0.0">
    <ignored/>
  </testcase> <!-- checkCookie -->
  <testcase classname="com.webrestapi.testcase.TC006_GETpendTest" name="checkContentEncoding" time="0.0">
    <ignored/>
  </testcase> <!-- checkContentEncoding -->
  <testcase classname="com.webrestapi.testcase.TC003_PUTdetailsTest" name="checkContentEncoding" time="0.0">
    <ignored/>
  </testcase> <!-- checkContentEncoding -->
  <testcase classname="com.webrestapi.testcase.TC005_GETauthdetailsTest" name="checkContentLength" time="0.0">
    <ignored/>
  </testcase> <!-- checkContentLength -->
  <testcase classname="com.webrestapi.testcase.TC002_GETdetailsTest" name="checkContentEncoding" time="0.0">
    <ignored/>
  </testcase> <!-- checkContentEncoding -->
  <testcase classname="com.webrestapi.testcase.TC007_GETavailTest" name="checkContentLength" time="0.0">
    <ignored/>
  </testcase> <!-- checkContentLength -->
</testsuite> <!-- Datatest -->
